=~=~=~=~=~=~=~=~=~=~=~= PuTTY log 2023.07.26 13:26:10 =~=~=~=~=~=~=~=~=~=~=~=
START C:\Users\Isaac\Documents\Arduino\libraries\IRremote-4.1.2\examples\ReceiveDump\ReceiveDump.ino from Jul 26 2023
Using library version 4.1.0
Ready to receive IR signals of protocols: NEC/NEC2/Onkyo/Apple, Panasonic/Kaseikyo, Denon/Sharp, Sony, RC5, RC6, LG, JVC, Samsung, FAST, Whynter, Lego Power Functions, Bosewave , MagiQuest, Universal Pulse Distance Width, Hash at pin 2
5000 us is the (minimum) gap, after which the start of a new IR packet is assumed
20
Because of the verbose output (>200 ms at 115200), repeats are probably not dumped correctly!



Protocol=PulseDistance Raw-Data=0x8E06000A 64 bits LSB first

Send with:
    uint32_t tRawData[]={0x828C0488, 0x8E06000A};
    IrSender.sendPulseDistanceWidthFromArray(38, 9400, 4800, 550, 1650, 550, 600, &tRawData[0], 64, PROTOCOL_IS_LSB_FIRST, <RepeatPeriodMillis>, <numberOfRepeats>);

Raw result in internal ticks (50 us) - with leading gap
rawData[132]: 
 -65535
 +188,-96
 +11,-12 +11,-12 +10,-12 +11,-34
 +10,-12 +11,-11 +11,-12 +11,-33
 +11,-11 +11,-12 +11,-33 +11,-11
 +11,-12 +11,-11 +11,-12 +11,-11
 +11,-12 +10,-12 +11,-33 +11,-33
 +11,-12 +11,-11 +11,-12 +10,-34
 +11,-11 +11,-34 +10,-12 +11,-11
 +11,-12 +11,-11 +11,-11 +11,-34
 +10,-12 +11,-33 +11,-12 +11,-33
 +11,-11 +11,-12 +11,-11 +11,-12
 +10,-12 +11,-11 +11,-12 +11,-11
 +11,-12 +10,-12 +11,-11 +11,-12
 +11,-12 +11,-33 +11,-34 +10,-12
 +11,-11 +11,-12 +11,-11 +11,-12
 +10,-12 +11,-33 +11,-33 +11,-34
 +11,-11 +11,-12 +11,-11 +11,-33
 +11
Sum: 2080
Raw result in microseconds - with leading gap
rawData[132]: 
 -3276750
 +9400,-4800
 + 550,- 600 + 550,- 600 + 500,- 600 + 550,-1700
 + 500,- 600 + 550,- 550 + 550,- 600 + 550,-1650
 + 550,- 550 + 550,- 600 + 550,-1650 + 550,- 550
 + 550,- 600 + 550,- 550 + 550,- 600 + 550,- 550
 + 550,- 600 + 500,- 600 + 550,-1650 + 550,-1650
 + 550,- 600 + 550,- 550 + 550,- 600 + 500,-1700
 + 550,- 550 + 550,-1700 + 500,- 600 + 550,- 550
 + 550,- 600 + 550,- 550 + 550,- 550 + 550,-1700
 + 500,- 600 + 550,-1650 + 550,- 600 + 550,-1650
 + 550,- 550 + 550,- 600 + 550,- 550 + 550,- 600
 + 500,- 600 + 550,- 550 + 550,- 600 + 550,- 550
 + 550,- 600 + 500,- 600 + 550,- 550 + 550,- 600
 + 550,- 600 + 550,-1650 + 550,-1700 + 500,- 600
 + 550,- 550 + 550,- 600 + 550,- 550 + 550,- 600
 + 500,- 600 + 550,-1650 + 550,-1650 + 550,-1700
 + 550,- 550 + 550,- 600 + 550,- 550 + 550,-1650
 + 550
Sum: 104000

Result as internal 8bit ticks (50 us) array - compensated with MARK_EXCESS_MICROS=20
uint8_t rawTicks[131] = {188,96, 11,12, 11,12, 10,12, 11,34, 10,12, 11,11, 11,12, 11,33, 11,11, 11,12, 11,33, 11,11, 11,12, 11,11, 11,12, 11,11, 11,12, 10,12, 11,33, 11,33, 11,12, 11,11, 11,12, 10,34, 11,11, 11,34, 10,12, 11,11, 11,12, 11,11, 11,11, 11,34, 10,12, 11,33, 11,12, 11,33, 11,11, 11,12, 11,11, 11,12, 10,12, 11,11, 11,12, 11,11, 11,12, 10,12, 11,11, 11,12, 11,12, 11,33, 11,34, 10,12, 11,11, 11,12, 11,11, 11,12, 10,12, 11,33, 11,33, 11,34, 11,11, 11,12, 11,11, 11,33, 11};  // Protocol=PulseDistance Raw-Data=0x8E06000A 64 bits LSB first

Result as microseconds array - compensated with MARK_EXCESS_MICROS=20
uint16_t rawData[131] = {9380,4820, 530,620, 530,620, 480,620, 530,1720, 480,620, 530,570, 530,620, 530,1670, 530,570, 530,620, 530,1670, 530,570, 530,620, 530,570, 530,620, 530,570, 530,620, 480,620, 530,1670, 530,1670, 530,620, 530,570, 530,620, 480,1720, 530,570, 530,1720, 480,620, 530,570, 530,620, 530,570, 530,570, 530,1720, 480,620, 530,1670, 530,620, 530,1670, 530,570, 530,620, 530,570, 530,620, 480,620, 530,570, 530,620, 530,570, 530,620, 480,620, 530,570, 530,620, 530,620, 530,1670, 530,1720, 480,620, 530,570, 530,620, 530,570, 530,620, 480,620, 530,1670, 530,1670, 530,1720, 530,570, 530,620, 530,570, 530,1670, 530};  // Protocol=PulseDistance Raw-Data=0x8E06000A 64 bits LSB first

uint16_t address = 0x0;
uint16_t command = 0x0;
uint32_t rawData = 0x8E06000A;

Pronto Hex as string
char prontoData[] = "0000 006D 0042 0000 016A 00B8 0016 0016 0016 0016 0014 0016 0016 0041 0014 0016 0016 0014 0016 0016 0016 003F 0016 0014 0016 0016 0016 003F 0016 0014 0016 0016 0016 0014 0016 0016 0016 0014 0016 0016 0014 0016 0016 003F 0016 003F 0016 0016 0016 0014 0016 0016 0014 0041 0016 0014 0016 0041 0014 0016 0016 0014 0016 0016 0016 0014 0016 0014 0016 0041 0014 0016 0016 003F 0016 0016 0016 003F 0016 0014 0016 0016 0016 0014 0016 0016 0014 0016 0016 0014 0016 0016 0016 0014 0016 0016 0014 0016 0016 0014 0016 0016 0016 0016 0016 003F 0016 0041 0014 0016 0016 0014 0016 0016 0016 0014 0016 0016 0014 0016 0016 003F 0016 003F 0016 0041 0016 0014 0016 0016 0016 0014 0016 003F 0016 06C3 ";


Protocol=PulseDistance Raw-Data=0x4E06000A 64 bits LSB first

Send with:
    uint32_t tRawData[]={0x428C0488, 0x4E06000A};
    IrSender.sendPulseDistanceWidthFromArray(38, 9300, 4850, 550, 1650, 550, 600, &tRawData[0], 64, PROTOCOL_IS_LSB_FIRST, <RepeatPeriodMillis>, <numberOfRepeats>);

Raw result in internal ticks (50 us) - with leading gap
rawData[132]: 
 -16807
 +186,-97
 +11,-11 +11,-12 +11,-11 +11,-34
 +11,-11 +11,-12 +10,-12 +11,-33
 +11,-12 +10,-12 +11,-33 +11,-12
 +11,-11 +11,-11 +11,-12 +11,-11
 +11,-12 +10,-12 +11,-33 +11,-34
 +11,-11 +11,-11 +11,-12 +11,-33
 +11,-12 +10,-34 +11,-11 +11,-11
 +11,-12 +11,-11 +11,-33 +11,-12
 +11,-11 +11,-33 +11,-12 +11,-33
 +11,-12 +10,-12 +11,-11 +11,-12
 +11,-11 +11,-12 +11,-11 +11,-11
 +11,-12 +11,-11 +11,-12 +10,-12
 +11,-12 +11,-33 +11,-34 +11,-11
 +11,-12 +11,-11 +11,-12 +10,-12
 +11,-11 +11,-33 +11,-34 +11,-33
 +11,-12 +10,-12 +11,-33 +11,-12
 +11
Sum: 2079
Raw result in microseconds - with leading gap
rawData[132]: 
 -840350
 +9300,-4850
 + 550,- 550 + 550,- 600 + 550,- 550 + 550,-1700
 + 550,- 550 + 550,- 600 + 500,- 600 + 550,-1650
 + 550,- 600 + 500,- 600 + 550,-1650 + 550,- 600
 + 550,- 550 + 550,- 550 + 550,- 600 + 550,- 550
 + 550,- 600 + 500,- 600 + 550,-1650 + 550,-1700
 + 550,- 550 + 550,- 550 + 550,- 600 + 550,-1650
 + 550,- 600 + 500,-1700 + 550,- 550 + 550,- 550
 + 550,- 600 + 550,- 550 + 550,-1650 + 550,- 600
 + 550,- 550 + 550,-1650 + 550,- 600 + 550,-1650
 + 550,- 600 + 500,- 600 + 550,- 550 + 550,- 600
 + 550,- 550 + 550,- 600 + 550,- 550 + 550,- 550
 + 550,- 600 + 550,- 550 + 550,- 600 + 500,- 600
 + 550,- 600 + 550,-1650 + 550,-1700 + 550,- 550
 + 550,- 600 + 550,- 550 + 550,- 600 + 500,- 600
 + 550,- 550 + 550,-1650 + 550,-1700 + 550,-1650
 + 550,- 600 + 500,- 600 + 550,-1650 + 550,- 600
 + 550
Sum: 103950

Result as internal 8bit ticks (50 us) array - compensated with MARK_EXCESS_MICROS=20
uint8_t rawTicks[131] = {186,97, 11,11, 11,12, 11,11, 11,34, 11,11, 11,12, 10,12, 11,33, 11,12, 10,12, 11,33, 11,12, 11,11, 11,11, 11,12, 11,11, 11,12, 10,12, 11,33, 11,34, 11,11, 11,11, 11,12, 11,33, 11,12, 10,34, 11,11, 11,11, 11,12, 11,11, 11,33, 11,12, 11,11, 11,33, 11,12, 11,33, 11,12, 10,12, 11,11, 11,12, 11,11, 11,12, 11,11, 11,11, 11,12, 11,11, 11,12, 10,12, 11,12, 11,33, 11,34, 11,11, 11,12, 11,11, 11,12, 10,12, 11,11, 11,33, 11,34, 11,33, 11,12, 10,12, 11,33, 11,12, 11};  // Protocol=PulseDistance Raw-Data=0x4E06000A 64 bits LSB first

Result as microseconds array - compensated with MARK_EXCESS_MICROS=20
uint16_t rawData[131] = {9280,4870, 530,570, 530,620, 530,570, 530,1720, 530,570, 530,620, 480,620, 530,1670, 530,620, 480,620, 530,1670, 530,620, 530,570, 530,570, 530,620, 530,570, 530,620, 480,620, 530,1670, 530,1720, 530,570, 530,570, 530,620, 530,1670, 530,620, 480,1720, 530,570, 530,570, 530,620, 530,570, 530,1670, 530,620, 530,570, 530,1670, 530,620, 530,1670, 530,620, 480,620, 530,570, 530,620, 530,570, 530,620, 530,570, 530,570, 530,620, 530,570, 530,620, 480,620, 530,620, 530,1670, 530,1720, 530,570, 530,620, 530,570, 530,620, 480,620, 530,570, 530,1670, 530,1720, 530,1670, 530,620, 480,620, 530,1670, 530,620, 530};  // Protocol=PulseDistance Raw-Data=0x4E06000A 64 bits LSB first

uint16_t address = 0x0;
uint16_t command = 0x0;
uint32_t rawData = 0x4E06000A;

Pronto Hex as string
char prontoData[] = "0000 006D 0042 0000 0166 00BA 0016 0014 0016 0016 0016 0014 0016 0041 0016 0014 0016 0016 0014 0016 0016 003F 0016 0016 0014 0016 0016 003F 0016 0016 0016 0014 0016 0014 0016 0016 0016 0014 0016 0016 0014 0016 0016 003F 0016 0041 0016 0014 0016 0014 0016 0016 0016 003F 0016 0016 0014 0041 0016 0014 0016 0014 0016 0016 0016 0014 0016 003F 0016 0016 0016 0014 0016 003F 0016 0016 0016 003F 0016 0016 0014 0016 0016 0014 0016 0016 0016 0014 0016 0016 0016 0014 0016 0014 0016 0016 0016 0014 0016 0016 0014 0016 0016 0016 0016 003F 0016 0041 0016 0014 0016 0016 0016 0014 0016 0016 0014 0016 0016 0014 0016 003F 0016 0041 0016 003F 0016 0016 0014 0016 0016 003F 0016 0016 0016 06C3 ";


Protocol=PulseDistance Raw-Data=0xCE06000A 64 bits LSB first

Send with:
    uint32_t tRawData[]={0xC28C0488, 0xCE06000A};
    IrSender.sendPulseDistanceWidthFromArray(38, 9300, 4850, 550, 1700, 550, 600, &tRawData[0], 64, PROTOCOL_IS_LSB_FIRST, <RepeatPeriodMillis>, <numberOfRepeats>);

Raw result in internal ticks (50 us) - with leading gap
rawData[132]: 
 -16767
 +186,-97
 +11,-12 +10,-12 +11,-11 +11,-34
 +10,-12 +11,-11 +11,-12 +11,-33
 +11,-11 +11,-12 +11,-33 +11,-12
 +11,-11 +11,-12 +11,-11 +11,-11
 +11,-12 +11,-11 +11,-33 +11,-34
 +10,-12 +11,-11 +11,-12 +11,-33
 +11,-11 +11,-34 +10,-12 +11,-11
 +11,-12 +11,-11 +11,-33 +11,-34
 +11,-11 +11,-34 +10,-12 +11,-33
 +11,-12 +11,-11 +11,-12 +10,-12
 +11,-11 +11,-12 +11,-11 +11,-12
 +10,-12 +11,-11 +11,-12 +11,-11
 +11,-12 +11,-34 +10,-34 +11,-11
 +11,-12 +11,-11 +11,-12 +10,-12
 +11,-11 +11,-34 +10,-34 +11,-33
 +11,-12 +11,-11 +11,-33 +11,-34
 +11
Sum: 2123
Raw result in microseconds - with leading gap
rawData[132]: 
 -838350
 +9300,-4850
 + 550,- 600 + 500,- 600 + 550,- 550 + 550,-1700
 + 500,- 600 + 550,- 550 + 550,- 600 + 550,-1650
 + 550,- 550 + 550,- 600 + 550,-1650 + 550,- 600
 + 550,- 550 + 550,- 600 + 550,- 550 + 550,- 550
 + 550,- 600 + 550,- 550 + 550,-1650 + 550,-1700
 + 500,- 600 + 550,- 550 + 550,- 600 + 550,-1650
 + 550,- 550 + 550,-1700 + 500,- 600 + 550,- 550
 + 550,- 600 + 550,- 550 + 550,-1650 + 550,-1700
 + 550,- 550 + 550,-1700 + 500,- 600 + 550,-1650
 + 550,- 600 + 550,- 550 + 550,- 600 + 500,- 600
 + 550,- 550 + 550,- 600 + 550,- 550 + 550,- 600
 + 500,- 600 + 550,- 550 + 550,- 600 + 550,- 550
 + 550,- 600 + 550,-1700 + 500,-1700 + 550,- 550
 + 550,- 600 + 550,- 550 + 550,- 600 + 500,- 600
 + 550,- 550 + 550,-1700 + 500,-1700 + 550,-1650
 + 550,- 600 + 550,- 550 + 550,-1650 + 550,-1700
 + 550
Sum: 106150

Result as internal 8bit ticks (50 us) array - compensated with MARK_EXCESS_MICROS=20
uint8_t rawTicks[131] = {186,97, 11,12, 10,12, 11,11, 11,34, 10,12, 11,11, 11,12, 11,33, 11,11, 11,12, 11,33, 11,12, 11,11, 11,12, 11,11, 11,11, 11,12, 11,11, 11,33, 11,34, 10,12, 11,11, 11,12, 11,33, 11,11, 11,34, 10,12, 11,11, 11,12, 11,11, 11,33, 11,34, 11,11, 11,34, 10,12, 11,33, 11,12, 11,11, 11,12, 10,12, 11,11, 11,12, 11,11, 11,12, 10,12, 11,11, 11,12, 11,11, 11,12, 11,34, 10,34, 11,11, 11,12, 11,11, 11,12, 10,12, 11,11, 11,34, 10,34, 11,33, 11,12, 11,11, 11,33, 11,34, 11};  // Protocol=PulseDistance Raw-Data=0xCE06000A 64 bits LSB first

Result as microseconds array - compensated with MARK_EXCESS_MICROS=20
uint16_t rawData[131] = {9280,4870, 530,620, 480,620, 530,570, 530,1720, 480,620, 530,570, 530,620, 530,1670, 530,570, 530,620, 530,1670, 530,620, 530,570, 530,620, 530,570, 530,570, 530,620, 530,570, 530,1670, 530,1720, 480,620, 530,570, 530,620, 530,1670, 530,570, 530,1720, 480,620, 530,570, 530,620, 530,570, 530,1670, 530,1720, 530,570, 530,1720, 480,620, 530,1670, 530,620, 530,570, 530,620, 480,620, 530,570, 530,620, 530,570, 530,620, 480,620, 530,570, 530,620, 530,570, 530,620, 530,1720, 480,1720, 530,570, 530,620, 530,570, 530,620, 480,620, 530,570, 530,1720, 480,1720, 530,1670, 530,620, 530,570, 530,1670, 530,1720, 530};  // Protocol=PulseDistance Raw-Data=0xCE06000A 64 bits LSB first

uint16_t address = 0x0;
uint16_t command = 0x0;
uint32_t rawData = 0xCE06000A;

Pronto Hex as string
char prontoData[] = "0000 006D 0042 0000 0166 00BA 0016 0016 0014 0016 0016 0014 0016 0041 0014 0016 0016 0014 0016 0016 0016 003F 0016 0014 0016 0016 0016 003F 0016 0016 0016 0014 0016 0016 0016 0014 0016 0014 0016 0016 0016 0014 0016 003F 0016 0041 0014 0016 0016 0014 0016 0016 0016 003F 0016 0014 0016 0041 0014 0016 0016 0014 0016 0016 0016 0014 0016 003F 0016 0041 0016 0014 0016 0041 0014 0016 0016 003F 0016 0016 0016 0014 0016 0016 0014 0016 0016 0014 0016 0016 0016 0014 0016 0016 0014 0016 0016 0014 0016 0016 0016 0014 0016 0016 0016 0041 0014 0041 0016 0014 0016 0016 0016 0014 0016 0016 0014 0016 0016 0014 0016 0041 0014 0041 0016 003F 0016 0016 0016 0014 0016 003F 0016 0041 0016 06C3 ";


Protocol=PulseDistance Raw-Data=0xE06000A 64 bits LSB first

Send with:
    uint32_t tRawData[]={0x28C0488, 0xE06000A};
    IrSender.sendPulseDistanceWidthFromArray(38, 9300, 4850, 550, 1650, 550, 600, &tRawData[0], 64, PROTOCOL_IS_LSB_FIRST, <RepeatPeriodMillis>, <numberOfRepeats>);

Raw result in internal ticks (50 us) - with leading gap
rawData[132]: 
 -30609
 +186,-97
 +11,-11 +11,-12 +11,-11 +11,-34
 +11,-11 +11,-12 +10,-12 +11,-33
 +11,-12 +10,-12 +11,-33 +11,-12
 +10,-12 +11,-11 +11,-12 +11,-11
 +11,-12 +10,-12 +11,-33 +11,-34
 +10,-12 +11,-11 +11,-12 +11,-33
 +11,-11 +11,-34 +11,-11 +11,-11
 +11,-12 +11,-11 +11,-12 +10,-12
 +11,-11 +11,-33 +11,-12 +11,-33
 +11,-11 +11,-12 +11,-11 +11,-12
 +10,-12 +11,-11 +11,-12 +11,-12
 +10,-12 +11,-11 +11,-12 +11,-11
 +11,-12 +10,-34 +11,-34 +11,-11
 +11,-12 +10,-12 +11,-11 +11,-12
 +11,-11 +11,-33 +11,-33 +11,-34
 +11,-11 +11,-12 +11,-11 +11,-11
 +11
Sum: 2034
Raw result in microseconds - with leading gap
rawData[132]: 
 -1530450
 +9300,-4850
 + 550,- 550 + 550,- 600 + 550,- 550 + 550,-1700
 + 550,- 550 + 550,- 600 + 500,- 600 + 550,-1650
 + 550,- 600 + 500,- 600 + 550,-1650 + 550,- 600
 + 500,- 600 + 550,- 550 + 550,- 600 + 550,- 550
 + 550,- 600 + 500,- 600 + 550,-1650 + 550,-1700
 + 500,- 600 + 550,- 550 + 550,- 600 + 550,-1650
 + 550,- 550 + 550,-1700 + 550,- 550 + 550,- 550
 + 550,- 600 + 550,- 550 + 550,- 600 + 500,- 600
 + 550,- 550 + 550,-1650 + 550,- 600 + 550,-1650
 + 550,- 550 + 550,- 600 + 550,- 550 + 550,- 600
 + 500,- 600 + 550,- 550 + 550,- 600 + 550,- 600
 + 500,- 600 + 550,- 550 + 550,- 600 + 550,- 550
 + 550,- 600 + 500,-1700 + 550,-1700 + 550,- 550
 + 550,- 600 + 500,- 600 + 550,- 550 + 550,- 600
 + 550,- 550 + 550,-1650 + 550,-1650 + 550,-1700
 + 550,- 550 + 550,- 600 + 550,- 550 + 550,- 550
 + 550
Sum: 101700

Result as internal 8bit ticks (50 us) array - compensated with MARK_EXCESS_MICROS=20
uint8_t rawTicks[131] = {186,97, 11,11, 11,12, 11,11, 11,34, 11,11, 11,12, 10,12, 11,33, 11,12, 10,12, 11,33, 11,12, 10,12, 11,11, 11,12, 11,11, 11,12, 10,12, 11,33, 11,34, 10,12, 11,11, 11,12, 11,33, 11,11, 11,34, 11,11, 11,11, 11,12, 11,11, 11,12, 10,12, 11,11, 11,33, 11,12, 11,33, 11,11, 11,12, 11,11, 11,12, 10,12, 11,11, 11,12, 11,12, 10,12, 11,11, 11,12, 11,11, 11,12, 10,34, 11,34, 11,11, 11,12, 10,12, 11,11, 11,12, 11,11, 11,33, 11,33, 11,34, 11,11, 11,12, 11,11, 11,11, 11};  // Protocol=PulseDistance Raw-Data=0xE06000A 64 bits LSB first

Result as microseconds array - compensated with MARK_EXCESS_MICROS=20
uint16_t rawData[131] = {9280,4870, 530,570, 530,620, 530,570, 530,1720, 530,570, 530,620, 480,620, 530,1670, 530,620, 480,620, 530,1670, 530,620, 480,620, 530,570, 530,620, 530,570, 530,620, 480,620, 530,1670, 530,1720, 480,620, 530,570, 530,620, 530,1670, 530,570, 530,1720, 530,570, 530,570, 530,620, 530,570, 530,620, 480,620, 530,570, 530,1670, 530,620, 530,1670, 530,570, 530,620, 530,570, 530,620, 480,620, 530,570, 530,620, 530,620, 480,620, 530,570, 530,620, 530,570, 530,620, 480,1720, 530,1720, 530,570, 530,620, 480,620, 530,570, 530,620, 530,570, 530,1670, 530,1670, 530,1720, 530,570, 530,620, 530,570, 530,570, 530};  // Protocol=PulseDistance Raw-Data=0xE06000A 64 bits LSB first

uint16_t address = 0x0;
uint16_t command = 0x0;
uint32_t rawData = 0xE06000A;

Pronto Hex as string
char prontoData[] = "0000 006D 0042 0000 0166 00BA 0016 0014 0016 0016 0016 0014 0016 0041 0016 0014 0016 0016 0014 0016 0016 003F 0016 0016 0014 0016 0016 003F 0016 0016 0014 0016 0016 0014 0016 0016 0016 0014 0016 0016 0014 0016 0016 003F 0016 0041 0014 0016 0016 0014 0016 0016 0016 003F 0016 0014 0016 0041 0016 0014 0016 0014 0016 0016 0016 0014 0016 0016 0014 0016 0016 0014 0016 003F 0016 0016 0016 003F 0016 0014 0016 0016 0016 0014 0016 0016 0014 0016 0016 0014 0016 0016 0016 0016 0014 0016 0016 0014 0016 0016 0016 0014 0016 0016 0014 0041 0016 0041 0016 0014 0016 0016 0014 0016 0016 0014 0016 0016 0016 0014 0016 003F 0016 003F 0016 0041 0016 0014 0016 0016 0016 0014 0016 0014 0016 06C3 ";
